houndify-sdk-sample-0.2.16/build/outputs/logs/manifest-merger-debug-report.txt
-- Merging decision tree log ---
manifest
ADDED from src/main/AndroidManifest.xml:2:1-29:12
	xmlns:android
		ADDED from src/main/AndroidManifest.xml:2:11-69
	package
		ADDED from src/main/AndroidManifest.xml:3:5-34
		INJECTED from src/main/AndroidManifest.xml
		INJECTED from src/main/AndroidManifest.xml
	android:versionName
		INJECTED from src/main/AndroidManifest.xml
		INJECTED from src/main/AndroidManifest.xml
	android:versionCode
		INJECTED from src/main/AndroidManifest.xml
		INJECTED from src/main/AndroidManifest.xml
uses-permission#android.permission.INTERNET
ADDED from src/main/AndroidManifest.xml:4:5-66
MERGED from [hound.android:hound-sdk:0.2.15] AndroidManifest.xml:11:5-67
	android:name
		ADDED from src/main/AndroidManifest.xml:4:22-64
uses-permission#android.permission.RECORD_AUDIO
ADDED from src/main/AndroidManifest.xml:5:5-70
	android:name
		ADDED from src/main/AndroidManifest.xml:5:22-68
uses-permission#android.permission.ACCESS_WIFI_STATE
ADDED from src/main/AndroidManifest.xml:6:5-75
MERGED from [hound.android:hound-sdk:0.2.15] AndroidManifest.xml:12:5-76
	android:name
		ADDED from src/main/AndroidManifest.xml:6:22-73
uses-permission#android.permission.ACCESS_COARSE_LOCATION
ADDED from src/main/AndroidManifest.xml:7:5-80
	android:name
		ADDED from src/main/AndroidManifest.xml:7:22-78
uses-permission#android.permission.ACCESS_FINE_LOCATION
ADDED from src/main/AndroidManifest.xml:8:5-78
	android:name
		ADDED from src/main/AndroidManifest.xml:8:22-76
uses-permission#android.permission.WRITE_EXTERNAL_STORAGE
ADDED from src/main/AndroidManifest.xml:9:5-80
	android:name
		ADDED from src/main/AndroidManifest.xml:9:22-78
uses-feature#android.hardware.usb.host
ADDED from src/main/AndroidManifest.xml:10:5-62
	android:name
		ADDED from src/main/AndroidManifest.xml:10:19-59
application
ADDED from src/main/AndroidManifest.xml:11:5-27:19
MERGED from [hound.android:hound-sdk:0.2.15] AndroidManifest.xml:14:5-18:19
MERGED from [soundhound.android:speex:1.3.0] AndroidManifest.xml:11:5-20
MERGED from [soundhound.android:vad:1.2.0] AndroidManifest.xml:11:5-20
MERGED from [hound.android:phrasespotter:1.4.0] AndroidManifest.xml:11:5-20
	android:label
		ADDED from src/main/AndroidManifest.xml:14:9-41
	android:allowBackup
		ADDED from src/main/AndroidManifest.xml:12:9-35
	android:icon
		ADDED from src/main/AndroidManifest.xml:13:9-43
	android:theme
		ADDED from src/main/AndroidManifest.xml:15:9-70
activity#com.houndify.sample.MainActivity
ADDED from src/main/AndroidManifest.xml:16:9-25:20
	android:label
		ADDED from src/main/AndroidManifest.xml:18:13-45
	android:name
		ADDED from src/main/AndroidManifest.xml:17:13-41
intent-filter#android.hardware.usb.action.USB_DEVICE_ATTACHED+android.intent.action.MAIN+android.intent.category.LAUNCHER
ADDED from src/main/AndroidManifest.xml:19:13-24:29
action#android.intent.action.MAIN
ADDED from src/main/AndroidManifest.xml:20:17-69
	android:name
		ADDED from src/main/AndroidManifest.xml:20:25-66
action#android.hardware.usb.action.USB_DEVICE_ATTACHED
ADDED from src/main/AndroidManifest.xml:21:17-90
	android:name
		ADDED from src/main/AndroidManifest.xml:21:25-87
category#android.intent.category.LAUNCHER
ADDED from src/main/AndroidManifest.xml:23:17-77
	android:name
		ADDED from src/main/AndroidManifest.xml:23:27-74
uses-sdk
INJECTED from src/main/AndroidManifest.xml reason: use-sdk injection requested
MERGED from [hound.android:hound-sdk:0.2.15] AndroidManifest.xml:7:5-9:41
MERGED from [soundhound.android:speex:1.3.0] AndroidManifest.xml:7:5-9:41
MERGED from [soundhound.android:vad:1.2.0] AndroidManifest.xml:7:5-9:41
MERGED from [hound.android:phrasespotter:1.4.0] AndroidManifest.xml:7:5-9:41
	android:targetSdkVersion
		INJECTED from src/main/AndroidManifest.xml
		INJECTED from src/main/AndroidManifest.xml
	android:minSdkVersion
		INJECTED from src/main/AndroidManifest.xml
		INJECTED from src/main/AndroidManifest.xml
activity#com.hound.android.fd.HoundifyVoiceSearchActivity
ADDED from [hound.android:hound-sdk:0.2.15] AndroidManifest.xml:15:9-17:56
	android:theme
		ADDED from [hound.android:hound-sdk:0.2.15] AndroidManifest.xml:17:13-53
	android:name
		ADDED from [hound.android:hound-sdk:0.2.15] AndroidManifest.xml:16:13-76